<?xml version="1.0" encoding="UTF-8"?>
<testng-results skipped="0" failed="0" ignored="0" total="1" passed="1">
  <reporter-output>
  </reporter-output>
  <suite name="TestPage.DemoTest" duration-ms="59" started-at="2020-12-15T10:19:39 IST" finished-at="2020-12-15T10:19:39 IST">
    <groups>
    </groups>
    <test name="Command line test" duration-ms="59" started-at="2020-12-15T10:19:39 IST" finished-at="2020-12-15T10:19:39 IST">
      <class name="TestPage.DemoTest">
        <test-method status="PASS" signature="InputFormTest()[pri:0, instance:TestPage.DemoTest@e25b2fe]" name="InputFormTest" duration-ms="29" started-at="2020-12-15T10:19:39 IST" finished-at="2020-12-15T10:19:39 IST">
          <reporter-output>
          </reporter-output>
        </test-method> <!-- InputFormTest -->
      </class> <!-- TestPage.DemoTest -->
    </test> <!-- Command line test -->
  </suite> <!-- TestPage.DemoTest -->
</testng-results>
