<?xml version="1.0" encoding="UTF-8"?>
<!-- Generated by org.testng.reporters.JUnitXMLReporter -->
<testsuite hostname="LAPTOP-29CDN1KE" ignored="0" name="Test" tests="1" failures="0" timestamp="15 Dec 2020 06:33:43 GMT" time="0.028" errors="0">
  <testcase name="@BeforeSuite beforeClass" time="0.01" classname="Base.BaseClassDemo">
    <failure type="java.io.FileNotFoundException" message="C:\w_s\DemoProject\configuration\config.properties (The system cannot find the file specified)">
      <![CDATA[java.io.FileNotFoundException: C:\w_s\DemoProject\configuration\config.properties (The system cannot find the file specified)
at java.io.FileInputStream.open0(Native Method)
at java.io.FileInputStream.open(FileInputStream.java:195)
at java.io.FileInputStream.<init>(FileInputStream.java:138)
at java.io.FileInputStream.<init>(FileInputStream.java:93)
at Base.BaseClassDemo.beforeClass(BaseClassDemo.java:25)
... Removed 20 stack frames]]>
    </failure>
  </testcase> <!-- @BeforeSuite beforeClass -->
  <testcase name="InputFormTest" time="0.0" classname="TestPage.DemoTest">
    <skipped/>
  </testcase> <!-- InputFormTest -->
</testsuite> <!-- Test -->
